森 < 8!
百 < 8!
汽 < 8!
昭 < 8!
勉 < 8!
昭 < 4!
茨 < 8!
媛 < 8!
岡 < 8!
億 < 8!
潟 < 8!
岐 < 8!
熊 < 8!
香 < 8!
佐 < 8!
埼 < 8!
崎 < 8!
滋 < 8!
鹿 < 8!
縄 < 8!
井 < 8!
沖 < 8!
努 < 8!
栃 < 8!
奈 < 8!
梨 < 8!
阪 < 8!
阜 < 8!
茨 < 4!
媛 < 4!
潟 < 4!
岐 < 4!
熊 < 4!
香 < 4!
佐 < 4!
埼 < 4!
崎 < 4!
滋 < 4!
鹿 < 4!
縄 < 4!
井 < 4!
沖 < 4!
栃 < 4!
奈 < 4!
梨 < 4!
阪 < 4!
阜 < 4!
潔 < 8!
批 < 8!
陛 < 8!
陛 < 4!
維 < 8!
壱 < 8!
伺 < 8!
盾 < 8!
紹 < 8!
慎 < 8!
峠 < 8!
弐 < 8!
匹 < 8!
膚 < 8!
肪 < 8!
矛 < 8!
茂 < 8!
壱 < 4!
峠 < 4!
弐 < 4!
慨 < 8!
穫 < 8!
岐 < 8!
犠 < 8!
欺 < 8!
峡 < 8!
斤 < 8!
倹 < 8!
娯 < 8!
慌 < 8!
墾 < 8!
暫 < 8!
祉 < 8!
諮 < 8!
遵 < 8!
嬢 < 8!
牲 < 8!
斥 < 8!
遭 < 8!
逮 < 8!
窒 < 8!
墜 < 8!
痘 < 8!
倣 < 8!
妨 < 8!
擁 < 8!
厘 < 8!
斤 < 4!
娯 < 4!
諮 < 4!
牲 < 4!
厘 < 4!
